<?xml version="1.0" encoding="UTF-8"?>
<testsuite name="com.example.DockerSpringdemo.DockerSpringdemoApplicationTests" tests="1" skipped="0" failures="0" errors="0" timestamp="2025-03-13T10:18:09" hostname="DESKTOP-LSAB7MT" time="0.893">
  <properties/>
  <testcase name="contextLoads()" classname="com.example.DockerSpringdemo.DockerSpringdemoApplicationTests" time="0.893"/>
  <system-out><![CDATA[15:48:07.335 [Test worker] INFO org.springframework.test.context.support.AnnotationConfigContextLoaderUtils -- Could not detect default configuration classes for test class [com.example.DockerSpringdemo.DockerSpringdemoApplicationTests]: DockerSpringdemoApplicationTests does not declare any static, non-private, non-final, nested classes annotated with @Configuration.
15:48:07.526 [Test worker] INFO org.springframework.boot.test.context.SpringBootTestContextBootstrapper -- Found @SpringBootConfiguration com.example.DockerSpringdemo.DockerSpringdemoApplication for test class com.example.DockerSpringdemo.DockerSpringdemoApplicationTests

  .   ____          _            __ _ _
 /\\ / ___'_ __ _ _(_)_ __  __ _ \ \ \ \
( ( )\___ | '_ | '_| | '_ \/ _` | \ \ \ \
 \\/  ___)| |_)| | | | | || (_| |  ) ) ) )
  '  |____| .__|_| |_|_| |_\__, | / / / /
 =========|_|==============|___/=/_/_/_/

 :: Spring Boot ::                (v3.4.3)

2025-03-13T15:48:08.071+05:30  INFO 13908 --- [DockerSpringdemo] [    Test worker] c.e.D.DockerSpringdemoApplicationTests   : Starting DockerSpringdemoApplicationTests using Java 17.0.5 with PID 13908 (started by DELL in C:\Users\DELL\IdeaProjects\DockerSpringdemo)
2025-03-13T15:48:08.071+05:30  INFO 13908 --- [DockerSpringdemo] [    Test worker] c.e.D.DockerSpringdemoApplicationTests   : No active profile set, falling back to 1 default profile: "default"
2025-03-13T15:48:09.226+05:30  INFO 13908 --- [DockerSpringdemo] [    Test worker] o.s.b.a.w.s.WelcomePageHandlerMapping    : Adding welcome page: class path resource [static/index.html]
2025-03-13T15:48:09.627+05:30  INFO 13908 --- [DockerSpringdemo] [    Test worker] c.e.D.DockerSpringdemoApplicationTests   : Started DockerSpringdemoApplicationTests in 1.857 seconds (process running for 3.502)
]]></system-out>
  <system-err><![CDATA[]]></system-err>
</testsuite>
